#
# A fatal error has been detected by the Java Runtime Environment:
#
#  Internal Error (classFileParser.cpp:3470), pid=4756, tid=4360
#  Error: ShouldNotReachHere()
#
# JRE version: 7.0-b147
# Java VM: Java HotSpot(TM) Client VM (21.0-b17 mixed mode windows-x86 )
# Failed to write core dump. Minidumps are not enabled by default on client versions of Windows
#
# If you would like to submit a bug report, please visit:
#   http://bugreport.sun.com/bugreport/crash.jsp
#

---------------  T H R E A D  ---------------

Current thread (0x02459800):  JavaThread "Unknown thread" [_thread_in_vm, id=4360, stack(0x00880000,0x008d0000)]

Stack: [0x00880000,0x008d0000],  sp=0x008cf480,  free space=317k
Native frames: (J=compiled Java code, j=interpreted, Vv=VM code, C=native code)
V  [jvm.dll+0x1630e1]
V  [jvm.dll+0x15dcfb]
V  [jvm.dll+0x18e37]
V  [jvm.dll+0x1a6a8]
V  [jvm.dll+0x2a42f]
V  [jvm.dll+0x2b818]
V  [jvm.dll+0x2bedb]
V  [jvm.dll+0x2bf2a]
V  [jvm.dll+0x2c07d]
V  [jvm.dll+0x2c15a]
V  [jvm.dll+0x2c3d7]
V  [jvm.dll+0x73cb1]
V  [jvm.dll+0x7406b]
V  [jvm.dll+0x121a7c]
V  [jvm.dll+0x14382a]
V  [jvm.dll+0xa2940]
C  [javaw.exe+0x1359]
C  [javaw.exe+0x1dc9]
C  [javaw.exe+0xa0cb]
C  [javaw.exe+0xa155]
C  [kernel32.dll+0x1339a]  BaseThreadInitThunk+0x12
C  [ntdll.dll+0x39ed2]  RtlInitializeExceptionChain+0x63
C  [ntdll.dll+0x39ea5]  RtlInitializeExceptionChain+0x36


---------------  P R O C E S S  ---------------

Java Threads: ( => current thread )

Other Threads:

=>0x02459800 (exited) JavaThread "Unknown thread" [_thread_in_vm, id=4360, stack(0x00880000,0x008d0000)]

VM state:not at safepoint (not fully initialized)

VM Mutex/Monitor currently owned by a thread: None

Dynamic libraries:
0x00e30000 - 0x00e5f000 	C:\Program Files (x86)\Java\jre7\bin\javaw.exe
0x77590000 - 0x77710000 	C:\Windows\SysWOW64\ntdll.dll
0x75c70000 - 0x75d80000 	C:\Windows\syswow64\kernel32.dll
0x754e0000 - 0x75526000 	C:\Windows\syswow64\KERNELBASE.dll
0x76ba0000 - 0x76c40000 	C:\Windows\syswow64\ADVAPI32.dll
0x75310000 - 0x753bc000 	C:\Windows\syswow64\msvcrt.dll
0x75980000 - 0x75999000 	C:\Windows\SysWOW64\sechost.dll
0x750e0000 - 0x751d0000 	C:\Windows\syswow64\RPCRT4.dll
0x74c80000 - 0x74ce0000 	C:\Windows\syswow64\SspiCli.dll
0x74c70000 - 0x74c7c000 	C:\Windows\syswow64\CRYPTBASE.dll
0x75d80000 - 0x75e80000 	C:\Windows\syswow64\USER32.dll
0x758f0000 - 0x75980000 	C:\Windows\syswow64\GDI32.dll
0x75b40000 - 0x75b4a000 	C:\Windows\syswow64\LPK.dll
0x74ce0000 - 0x74d7d000 	C:\Windows\syswow64\USP10.dll
0x717d0000 - 0x7196e000 	C:\Windows\WinSxS\x86_microsoft.windows.common-controls_6595b64144ccf1df_6.0.7601.17514_none_41e6975e2bd6f2b2\COMCTL32.dll
0x75480000 - 0x754d7000 	C:\Windows\syswow64\SHLWAPI.dll
0x76b40000 - 0x76ba0000 	C:\Windows\system32\IMM32.DLL
0x74e50000 - 0x74f1c000 	C:\Windows\syswow64\MSCTF.dll
0x68d60000 - 0x68e1e000 	C:\Program Files (x86)\Java\jre7\bin\msvcr100.dll
0x691b0000 - 0x694d1000 	C:\Program Files (x86)\Java\jre7\bin\client\jvm.dll
0x72d10000 - 0x72d17000 	C:\Windows\system32\WSOCK32.dll
0x75440000 - 0x75475000 	C:\Windows\syswow64\WS2_32.dll
0x75e80000 - 0x75e86000 	C:\Windows\syswow64\NSI.dll
0x72ac0000 - 0x72af2000 	C:\Windows\system32\WINMM.dll
0x74e10000 - 0x74e15000 	C:\Windows\syswow64\PSAPI.DLL
0x6a6c0000 - 0x6a6cc000 	C:\Program Files (x86)\Java\jre7\bin\verify.dll
0x6a6a0000 - 0x6a6c0000 	C:\Program Files (x86)\Java\jre7\bin\java.dll
0x6a680000 - 0x6a693000 	C:\Program Files (x86)\Java\jre7\bin\zip.dll

VM Arguments:
jvm_args: -Dfile.encoding=Cp1252 -Xbootclasspath:C:\Program Files (x86)\Android\android-sdk\platforms\android-7\android.jar 
java_command: HelloMemtech
Launcher Type: SUN_STANDARD

Environment Variables:
PATH=C:/Program Files (x86)/Java/jre7/bin/client;C:/Program Files (x86)/Java/jre7/bin;C:/Program Files (x86)/Java/jre7/lib/i386;C:\Program Files\Common Files\Microsoft Shared\Windows Live;C:\Program Files (x86)\Common Files\Microsoft Shared\Windows Live;C:\Windows\system32;C:\Windows;C:\Windows\System32\Wbem;C:\Windows\System32\WindowsPowerShell\v1.0\;C:\Program Files (x86)\ATI Technologies\ATI.ACE\Core-Static;C:\Program Files\Broadcom\Broadcom 802.11\Driver;c:\Program Files (x86)\Common Files\Roxio Shared\DLLShared\;c:\Program Files (x86)\Common Files\Roxio Shared\DLLShared\;c:\Program Files (x86)\Common Files\Roxio Shared\12.0\DLLShared\;c:\Program Files (x86)\Microsoft SQL Server\100\Tools\Binn\;c:\Program Files\Microsoft SQL Server\100\Tools\Binn\;c:\Program Files\Microsoft SQL Server\100\DTS\Binn\;c:\Program Files (x86)\Microsoft ASP.NET\ASP.NET Web Pages\v1.0\;C:\Program Files (x86)\Windows Live\Shared;C:\eclipse;
USERNAME=Tom
OS=Windows_NT
PROCESSOR_IDENTIFIER=Intel64 Family 6 Model 30 Stepping 5, GenuineIntel



---------------  S Y S T E M  ---------------

OS: Windows 7 , 64 bit Build 7601 Service Pack 1

CPU:total 8 (4 cores per cpu, 2 threads per core) family 6 model 30 stepping 5, cmov, cx8, fxsr, mmx, sse, sse2, sse3, ssse3, sse4.1, sse4.2, popcnt, ht

Memory: 4k page, physical 6223728k(3666596k free), swap 12445608k(9316292k free)

vm_info: Java HotSpot(TM) Client VM (21.0-b17) for windows-x86 JRE (1.7.0-b147), built on Jun 27 2011 02:25:52 by "java_re" with unknown MS VC++:1600

time: Mon Sep 12 19:00:03 2011
elapsed time: 0 seconds

